	SetSessionId:c3VMcWYyeWU5UlkxNUFTWmxSYUk0SzJ6STFDTGE2bVhydTR0VUFpNzVTMDRCanZXSjhkVjNNNjZXNldyUGRLZS5nb2UtcGFjd2FzMl9zZXJ2bGV0X2hkdXdhcw==(17158)-----19:7:42
	SetCurrentPath:C:\Program Files (x86)\KSIGN\KCase(17165)-----19:7:44
	SetSessionId:RmoyeG1LYW41cTFOaUNlMExEZEZDN3dheTR3amN3dVFydnNHVEhBdE1Jd0wxMWdYSm9hWU5UNGRDSlNSc05PMi5nb2UtcGFjd2FzMl9zZXJ2bGV0X2hkdXdhcw==(17158)-----19:32:27
	SetCurrentPath:C:\Program Files (x86)\KSIGN\KCase(17165)-----19:32:28
	SetSessionId:bjgzN0ZwaFZsTVQzSnMyTmxhaENwclVHRnE4V1d1Y2VneUZqWlpFdTljZGJaa1QxcFplMTNLanQ1MjFsam40My5hbVYxYzE5a2IyMWhhVzR2WTI5dWRHRnBibVZ5TXkweA==(17963)-----10:27:6
	SetCurrentPath:C:\Program Files (x86)\KSIGN\KCase(17970)-----10:27:6
	SetSessionId:RDVGb3NhNkZZRGFjczBFTUNqUnFFUzhFaXM1MXV3RFhXUlZBU0xKakFROVJtQUlBN0g4clhRVnV1ZlA1TE1Pdy5hbVYxYzE5a2IyMWhhVzR2WTI5dWRHRnBibVZ5TlMweE1RPT0=(17963)-----16:39:57
	SetCurrentPath:C:\Program Files (x86)\KSIGN\KCase(17970)-----16:39:57
	SetSessionId:Z1JPNndpUm9sbFNYd3Q5WEE4bDlHaFN1UlhNR09SN1hqdlA0WHZNTDBjVFdONVFKeExhWVp3amZhdVJ3ZXM5ay5hbVYxYzE5a2IyMWhhVzR2WTI5dWRHRnBibVZ5TkMweA==(17963)-----10:27:13
	SetCurrentPath:C:\Program Files (x86)\KSIGN\KCase(17970)-----10:27:13
	SetSessionId:NWlvNWNia21oYVhCRlV2MTVYdXJ4TDlQaUk3Uk9mbnJqVDEyYkNyWEFuYU00VEdyeFcxdFN6ZkZ4R0FXNlRIdi5hbVYxYzE5a2IyMWhhVzR2WTI5dWRHRnBibVZ5TkMweA==(17963)-----10:35:58
	SetCurrentPath:C:\Program Files (x86)\KSIGN\KCase(17970)-----10:35:58
	SetSessionId:Q3pOdEd5a0FPaUIxc09wZ3pWYTZmWlhhNXRNcWtXc3JQcHFLdnBoODNqb3pKRWZrbmd6a0tHTU92TzBqNm9kSi5hbVYxYzE5a2IyMWhhVzR2WTI5dWRHRnBibVZ5TWkweE1RPT0=(17963)-----11:36:37
	SetCurrentPath:C:\Program Files (x86)\KSIGN\KCase(17970)-----11:36:37
	SetSessionId:VFlibFZUbGNxWkNKajVhNXpuTDVIVVV3WXhkMGNtbzZObWpVeVFpN3JDQ0tSRnNubmFYVUFzZm1VSk4xa0cwUS5hbVYxYzE5a2IyMWhhVzR2WTI5dWRHRnBibVZ5TWkweA==(17963)-----21:33:50
	SetCurrentPath:C:\Program Files (x86)\KSIGN\KCase(17970)-----21:33:50
	SetSessionId:aEFFNm9lc201VkpkUzVZMG9uSHgxVm8zN29tZVpXT2R0cHAxQ0RUY3NQaU1hYUUxbkhMdUd4aDZxdG5RMzhUZi5hbVYxYzE5a2IyMWhhVzR2WTI5dWRHRnBibVZ5TXkweA==(17963)-----12:46:7
	SetCurrentPath:C:\Program Files (x86)\KSIGN\KCase(17970)-----12:46:7
	SetSessionId:R1FHOEgxWDFKNlRVOFlnNW9FbjZrRW5ScDFibXlwRFp0c3haeWVUSTk4TlA1MU9nbmlxZW9lWUtDQUU4akI3Ui5hbVYxYzE5a2IyMWhhVzR2WTI5dWRHRnBibVZ5TXkweA==(17963)-----12:46:22
	SetCurrentPath:C:\Program Files (x86)\KSIGN\KCase(17970)-----12:46:22
